<?xml version="1.0" encoding="UTF-8"?>
<!-- Generated by org.testng.reporters.JUnitXMLReporter -->
<testsuite ignored="0" hostname="LAPTOP-D033DI82" failures="1" tests="1" name="Chrome Test" time="21.223" errors="0" timestamp="2026-01-14T21:39:16 IST">
  <testcase classname="Test.LoginTest" name="logintest" time="5.452">
    <failure type="java.lang.AssertionError" message="expected [true] but found [false]">
      <![CDATA[java.lang.AssertionError: expected [true] but found [false]
at Test.LoginTest.logintest(LoginTest.java:22)
at java.base/java.util.ArrayList.forEach(ArrayList.java:1596)
... Removed 29 stack frames]]>
    </failure>
  </testcase> <!-- logintest -->
</testsuite> <!-- Chrome Test -->
