<?xml version="1.0" encoding="UTF-8"?>
<testng-results ignored="0" total="1" passed="1" failed="0" skipped="0">
  <reporter-output>
  </reporter-output>
  <suite started-at="2026-01-14T22:06:42 IST" name="Cross Browser Suite" finished-at="2026-01-14T22:06:53 IST" duration-ms="11237">
    <groups>
    </groups>
    <test started-at="2026-01-14T22:06:42 IST" name="Chrome Test" finished-at="2026-01-14T22:06:53 IST" duration-ms="11237">
      <class name="Test.LoginTest">
        <test-method is-config="true" signature="Setup(java.lang.String)[pri:0, instance:Test.LoginTest@5e2c3d18]" started-at="2026-01-14T22:06:42 IST" name="Setup" finished-at="2026-01-14T22:06:47 IST" duration-ms="5752" status="PASS">
          <params>
            <param index="0">
              <value>
                <![CDATA[chrome]]>
              </value>
            </param>
          </params>
          <reporter-output>
          </reporter-output>
        </test-method> <!-- Setup -->
        <test-method signature="logintest()[pri:0, instance:Test.LoginTest@5e2c3d18]" started-at="2026-01-14T22:06:47 IST" name="logintest" finished-at="2026-01-14T22:06:53 IST" duration-ms="5279" status="PASS">
          <reporter-output>
          </reporter-output>
        </test-method> <!-- logintest -->
        <test-method is-config="true" signature="TearDown()[pri:0, instance:Test.LoginTest@5e2c3d18]" started-at="2026-01-14T22:06:53 IST" name="TearDown" finished-at="2026-01-14T22:06:53 IST" duration-ms="166" status="PASS">
          <reporter-output>
          </reporter-output>
        </test-method> <!-- TearDown -->
      </class> <!-- Test.LoginTest -->
    </test> <!-- Chrome Test -->
  </suite> <!-- Cross Browser Suite -->
</testng-results>
